C:\WORK\DEV\GIT\ARKHE\BIN\ARKHE.EXE
C:\WORK\DEV\GIT\ARKHE\BIN\ARKHE.PDB
C:\work\dev\git\arkhe\build\vs\arkhe\../../../bin/arkhe.exe
C:\work\dev\git\arkhe\build\vs\arkhe\../../../bin/arkhe.pdb
C:\WORK\DEV\GIT\ARKHE\BUILD\VS\ARKHE\X64\RELEASE\ARKHE.EXE.INTERMEDIATE.MANIFEST
C:\WORK\DEV\GIT\ARKHE\BUILD\VS\ARKHE\X64\RELEASE\ARKHEANGLE.OBJ
C:\WORK\DEV\GIT\ARKHE\BUILD\VS\ARKHE\X64\RELEASE\ARKHECOMPLEX.OBJ
C:\WORK\DEV\GIT\ARKHE\BUILD\VS\ARKHE\X64\RELEASE\ARKHEEXCEPTION.OBJ
C:\WORK\DEV\GIT\ARKHE\BUILD\VS\ARKHE\X64\RELEASE\ARKHEMATH.OBJ
C:\WORK\DEV\GIT\ARKHE\BUILD\VS\ARKHE\X64\RELEASE\ARKHEPOLYNOMIAL.OBJ
C:\WORK\DEV\GIT\ARKHE\BUILD\VS\ARKHE\X64\RELEASE\ARKHEPVNM.OBJ
C:\WORK\DEV\GIT\ARKHE\BUILD\VS\ARKHE\X64\RELEASE\ARKHERATIONAL.OBJ
C:\WORK\DEV\GIT\ARKHE\BUILD\VS\ARKHE\X64\RELEASE\ARKHEROOTFINDING.OBJ
C:\WORK\DEV\GIT\ARKHE\BUILD\VS\ARKHE\X64\RELEASE\ARKHETIMER.OBJ
C:\WORK\DEV\GIT\ARKHE\BUILD\VS\ARKHE\X64\RELEASE\ARKHEVECTOROPS.OBJ
C:\work\dev\git\arkhe\build\vs\arkhe\x64\Release\cl.command.1.tlog
C:\work\dev\git\arkhe\build\vs\arkhe\x64\Release\CL.read.1.tlog
C:\work\dev\git\arkhe\build\vs\arkhe\x64\Release\CL.write.1.tlog
C:\work\dev\git\arkhe\build\vs\arkhe\x64\Release\link.command.1.tlog
C:\work\dev\git\arkhe\build\vs\arkhe\x64\Release\link.read.1.tlog
C:\work\dev\git\arkhe\build\vs\arkhe\x64\Release\link.write.1.tlog
C:\WORK\DEV\GIT\ARKHE\BUILD\VS\ARKHE\X64\RELEASE\MAIN.OBJ
C:\WORK\DEV\GIT\ARKHE\BUILD\VS\ARKHE\X64\RELEASE\MATH_INTEGRITY_TESTS.OBJ
C:\work\dev\git\arkhe\build\vs\arkhe\x64\Release\mt.command.1.tlog
C:\work\dev\git\arkhe\build\vs\arkhe\x64\Release\mt.read.1.tlog
C:\work\dev\git\arkhe\build\vs\arkhe\x64\Release\mt.write.1.tlog
C:\WORK\DEV\GIT\ARKHE\BUILD\VS\ARKHE\X64\RELEASE\VC100.PDB
